build/app/intermediates/manifest_merge_blame_file/debug/manifest-merger-blame-debug-report.txt
1<?xml version="1.0" encoding="utf-8"?>
2<manifest xmlns:android="http://schemas.android.com/apk/res/android"
3    package="com.boroboro01.pocekt_teacher"
4    android:versionCode="1"
5    android:versionName="1.0.0" >
6
7    <uses-sdk
8        android:minSdkVersion="21"
9        android:targetSdkVersion="34" />
10    <!--
11         The INTERNET permission is required for development. Specifically,
12         the Flutter tool needs it to communicate with the running application
13         to allow setting breakpoints, to provide hot reload, etc.
14    -->
15    <uses-permission android:name="android.permission.INTERNET" />
15-->src/debug/AndroidManifest.xml:6:5-66
15-->src/debug/AndroidManifest.xml:6:22-64
16    <uses-permission android:name="android.permission.WAKE_LOCK" />
16-->[:firebase_messaging] AndroidManifest.xml:10:5-68
16-->[:firebase_messaging] AndroidManifest.xml:10:22-65
17    <uses-permission android:name="android.permission.ACCESS_NETWORK_STATE" /> <!-- Permissions options for the `notification` group -->
17-->[:firebase_messaging] AndroidManifest.xml:11:5-79
17-->[:firebase_messaging] AndroidManifest.xml:11:22-76
18    <uses-permission android:name="android.permission.POST_NOTIFICATIONS" /> <!-- Required by older versions of Google Play services to create IID tokens -->
18-->[:firebase_messaging] AndroidManifest.xml:13:5-77
18-->[:firebase_messaging] AndroidManifest.xml:13:22-74
19    <uses-permission android:name="com.google.android.c2dm.permission.RECEIVE" />
19-->[com.google.firebase:firebase-messaging:23.4.1] AndroidManifest.xml:26:5-82
19-->[com.google.firebase:firebase-messaging:23.4.1] AndroidManifest.xml:26:22-79
20
21    <permission
21-->[androidx.core:core:1.10.1] AndroidManifest.xml:22:5-24:47
22        android:name="com.boroboro01.pocekt_teacher.DYNAMIC_RECEIVER_NOT_EXPORTED_PERMISSION"
22-->[androidx.core:core:1.10.1] AndroidManifest.xml:23:9-81
23        android:protectionLevel="signature" />
23-->[androidx.core:core:1.10.1] AndroidManifest.xml:24:9-44
24
25    <uses-permission android:name="com.boroboro01.pocekt_teacher.DYNAMIC_RECEIVER_NOT_EXPORTED_PERMISSION" />
25-->[androidx.core:core:1.10.1] AndroidManifest.xml:26:5-97
25-->[androidx.core:core:1.10.1] AndroidManifest.xml:26:22-94
26
27    <application
28        android:name="android.app.Application"
29        android:appComponentFactory="androidx.core.app.CoreComponentFactory"
29-->[androidx.core:core:1.10.1] AndroidManifest.xml:28:18-86
30        android:debuggable="true"
31        android:icon="@mipmap/ic_launcher"
32        android:label="pocekt_teacher"
33        android:requestLegacyExternalStorage="true" >
34        <activity
35            android:name="com.example.pocekt_teacher.MainActivity"
36            android:configChanges="orientation|keyboardHidden|keyboard|screenSize|smallestScreenSize|locale|layoutDirection|fontScale|screenLayout|density|uiMode"
37            android:exported="true"
38            android:hardwareAccelerated="true"
39            android:launchMode="singleTop"
40            android:theme="@style/LaunchTheme"
41            android:windowSoftInputMode="adjustResize" >
42
43            <!--
44                 Specifies an Android theme to apply to this Activity as soon as
45                 the Android process has started. This theme is visible to the user
46                 while the Flutter UI initializes. After that, this theme continues
47                 to determine the Window background behind the Flutter UI.
48            -->
49            <meta-data
50                android:name="io.flutter.embedding.android.NormalTheme"
51                android:resource="@style/NormalTheme" />
52
53            <intent-filter>
54                <action android:name="android.intent.action.MAIN" />
55
56                <category android:name="android.intent.category.LAUNCHER" />
57            </intent-filter>
58        </activity>
59        <!--
60             Don't delete the meta-data below.
61             This is used by the Flutter tool to generate GeneratedPluginRegistrant.java
62        -->
63        <meta-data
64            android:name="flutterEmbedding"
65            android:value="2" />
66
67        <service
67-->[:firebase_messaging] AndroidManifest.xml:16:9-19:72
68            android:name="io.flutter.plugins.firebase.messaging.FlutterFirebaseMessagingBackgroundService"
68-->[:firebase_messaging] AndroidManifest.xml:17:13-107
69            android:exported="false"
69-->[:firebase_messaging] AndroidManifest.xml:18:13-37
70            android:permission="android.permission.BIND_JOB_SERVICE" />
70-->[:firebase_messaging] AndroidManifest.xml:19:13-69
71        <service
71-->[:firebase_messaging] AndroidManifest.xml:20:9-26:19
72            android:name="io.flutter.plugins.firebase.messaging.FlutterFirebaseMessagingService"
72-->[:firebase_messaging] AndroidManifest.xml:21:13-97
73            android:exported="false" >
73-->[:firebase_messaging] AndroidManifest.xml:22:13-37
74            <intent-filter>
74-->[:firebase_messaging] AndroidManifest.xml:23:13-25:29
75                <action android:name="com.google.firebase.MESSAGING_EVENT" />
75-->[:firebase_messaging] AndroidManifest.xml:24:17-78
75-->[:firebase_messaging] AndroidManifest.xml:24:25-75
76            </intent-filter>
77        </service>
78
79        <receiver
79-->[:firebase_messaging] AndroidManifest.xml:28:9-35:20
80            android:name="io.flutter.plugins.firebase.messaging.FlutterFirebaseMessagingReceiver"
80-->[:firebase_messaging] AndroidManifest.xml:29:13-98
81            android:exported="true"
81-->[:firebase_messaging] AndroidManifest.xml:30:13-36
82            android:permission="com.google.android.c2dm.permission.SEND" >
82-->[:firebase_messaging] AndroidManifest.xml:31:13-73
83            <intent-filter>
83-->[:firebase_messaging] AndroidManifest.xml:32:13-34:29
84                <action android:name="com.google.android.c2dm.intent.RECEIVE" />
84-->[:firebase_messaging] AndroidManifest.xml:33:17-81
84-->[:firebase_messaging] AndroidManifest.xml:33:25-78
85            </intent-filter>
86        </receiver>
87
88        <service
88-->[:firebase_messaging] AndroidManifest.xml:37:9-41:19
89            android:name="com.google.firebase.components.ComponentDiscoveryService"
89-->[:firebase_messaging] AndroidManifest.xml:37:18-89
90            android:directBootAware="true"
90-->[com.google.firebase:firebase-common:20.4.3] AndroidManifest.xml:32:13-43
91            android:exported="false" >
91-->[com.google.firebase:firebase-messaging:23.4.1] AndroidManifest.xml:56:13-37
92            <meta-data
92-->[:firebase_messaging] AndroidManifest.xml:38:13-40:85
93                android:name="com.google.firebase.components:io.flutter.plugins.firebase.messaging.FlutterFirebaseAppRegistrar"
93-->[:firebase_messaging] AndroidManifest.xml:39:17-128
94                android:value="com.google.firebase.components.ComponentRegistrar" />
94-->[:firebase_messaging] AndroidManifest.xml:40:17-82
95            <meta-data
95-->[:firebase_core] AndroidManifest.xml:11:13-13:85
96                android:name="com.google.firebase.components:io.flutter.plugins.firebase.core.FlutterFirebaseCoreRegistrar"
96-->[:firebase_core] AndroidManifest.xml:12:17-124
97                android:value="com.google.firebase.components.ComponentRegistrar" />
97-->[:firebase_core] AndroidManifest.xml:13:17-82
98            <meta-data
98-->[com.google.firebase:firebase-messaging:23.4.1] AndroidManifest.xml:57:13-59:85
99                android:name="com.google.firebase.components:com.google.firebase.messaging.FirebaseMessagingKtxRegistrar"
99-->[com.google.firebase:firebase-messaging:23.4.1] AndroidManifest.xml:58:17-122
100                android:value="com.google.firebase.components.ComponentRegistrar" />
100-->[com.google.firebase:firebase-messaging:23.4.1] AndroidManifest.xml:59:17-82
101            <meta-data
101-->[com.google.firebase:firebase-messaging:23.4.1] AndroidManifest.xml:60:13-62:85
102                android:name="com.google.firebase.components:com.google.firebase.messaging.FirebaseMessagingRegistrar"
102-->[com.google.firebase:firebase-messaging:23.4.1] AndroidManifest.xml:61:17-119
103                android:value="com.google.firebase.components.ComponentRegistrar" />
103-->[com.google.firebase:firebase-messaging:23.4.1] AndroidManifest.xml:62:17-82
104            <meta-data
104-->[com.google.firebase:firebase-installations:17.2.0] AndroidManifest.xml:15:13-17:85
105                android:name="com.google.firebase.components:com.google.firebase.installations.FirebaseInstallationsKtxRegistrar"
105-->[com.google.firebase:firebase-installations:17.2.0] AndroidManifest.xml:16:17-130
106                android:value="com.google.firebase.components.ComponentRegistrar" />
106-->[com.google.firebase:firebase-installations:17.2.0] AndroidManifest.xml:17:17-82
107            <meta-data
107-->[com.google.firebase:firebase-installations:17.2.0] AndroidManifest.xml:18:13-20:85
108                android:name="com.google.firebase.components:com.google.firebase.installations.FirebaseInstallationsRegistrar"
108-->[com.google.firebase:firebase-installations:17.2.0] AndroidManifest.xml:19:17-127
109                android:value="com.google.firebase.components.ComponentRegistrar" />
109-->[com.google.firebase:firebase-installations:17.2.0] AndroidManifest.xml:20:17-82
110            <meta-data
110-->[com.google.firebase:firebase-common-ktx:20.4.3] AndroidManifest.xml:12:13-14:85
111                android:name="com.google.firebase.components:com.google.firebase.ktx.FirebaseCommonLegacyRegistrar"
111-->[com.google.firebase:firebase-common-ktx:20.4.3] AndroidManifest.xml:13:17-116
112                android:value="com.google.firebase.components.ComponentRegistrar" />
112-->[com.google.firebase:firebase-common-ktx:20.4.3] AndroidManifest.xml:14:17-82
113            <meta-data
113-->[com.google.firebase:firebase-common:20.4.3] AndroidManifest.xml:35:13-37:85
114                android:name="com.google.firebase.components:com.google.firebase.FirebaseCommonKtxRegistrar"
114-->[com.google.firebase:firebase-common:20.4.3] AndroidManifest.xml:36:17-109
115                android:value="com.google.firebase.components.ComponentRegistrar" />
115-->[com.google.firebase:firebase-common:20.4.3] AndroidManifest.xml:37:17-82
116            <meta-data
116-->[com.google.firebase:firebase-datatransport:18.1.7] AndroidManifest.xml:27:13-29:85
117                android:name="com.google.firebase.components:com.google.firebase.datatransport.TransportRegistrar"
117-->[com.google.firebase:firebase-datatransport:18.1.7] AndroidManifest.xml:28:17-115
118                android:value="com.google.firebase.components.ComponentRegistrar" />
118-->[com.google.firebase:firebase-datatransport:18.1.7] AndroidManifest.xml:29:17-82
119        </service>
120
121        <provider
121-->[:firebase_messaging] AndroidManifest.xml:43:9-47:38
122            android:name="io.flutter.plugins.firebase.messaging.FlutterFirebaseMessagingInitProvider"
122-->[:firebase_messaging] AndroidManifest.xml:44:13-102
123            android:authorities="com.boroboro01.pocekt_teacher.flutterfirebasemessaginginitprovider"
123-->[:firebase_messaging] AndroidManifest.xml:45:13-88
124            android:exported="false"
124-->[:firebase_messaging] AndroidManifest.xml:46:13-37
125            android:initOrder="99" />
125-->[:firebase_messaging] AndroidManifest.xml:47:13-35
126        <provider
126-->[:image_picker_android] AndroidManifest.xml:11:9-19:20
127            android:name="io.flutter.plugins.imagepicker.ImagePickerFileProvider"
127-->[:image_picker_android] AndroidManifest.xml:12:13-82
128            android:authorities="com.boroboro01.pocekt_teacher.flutter.image_provider"
128-->[:image_picker_android] AndroidManifest.xml:13:13-74
129            android:exported="false"
129-->[:image_picker_android] AndroidManifest.xml:14:13-37
130            android:grantUriPermissions="true" >
130-->[:image_picker_android] AndroidManifest.xml:15:13-47
131            <meta-data
131-->[:image_picker_android] AndroidManifest.xml:16:13-18:75
132                android:name="android.support.FILE_PROVIDER_PATHS"
132-->[:image_picker_android] AndroidManifest.xml:17:17-67
133                android:resource="@xml/flutter_image_picker_file_paths" />
133-->[:image_picker_android] AndroidManifest.xml:18:17-72
134        </provider> <!-- Trigger Google Play services to install the backported photo picker module. -->
135        <service
135-->[:image_picker_android] AndroidManifest.xml:21:9-33:19
136            android:name="com.google.android.gms.metadata.ModuleDependencies"
136-->[:image_picker_android] AndroidManifest.xml:22:13-78
137            android:enabled="false"
137-->[:image_picker_android] AndroidManifest.xml:23:13-36
138            android:exported="false" >
138-->[:image_picker_android] AndroidManifest.xml:24:13-37
139            <intent-filter>
139-->[:image_picker_android] AndroidManifest.xml:26:13-28:29
140                <action android:name="com.google.android.gms.metadata.MODULE_DEPENDENCIES" />
140-->[:image_picker_android] AndroidManifest.xml:27:17-94
140-->[:image_picker_android] AndroidManifest.xml:27:25-91
141            </intent-filter>
142
143            <meta-data
143-->[:image_picker_android] AndroidManifest.xml:30:13-32:36
144                android:name="photopicker_activity:0:required"
144-->[:image_picker_android] AndroidManifest.xml:31:17-63
145                android:value="" />
145-->[:image_picker_android] AndroidManifest.xml:32:17-33
146        </service>
147
148        <receiver
148-->[com.google.firebase:firebase-messaging:23.4.1] AndroidManifest.xml:29:9-40:20
149            android:name="com.google.firebase.iid.FirebaseInstanceIdReceiver"
149-->[com.google.firebase:firebase-messaging:23.4.1] AndroidManifest.xml:30:13-78
150            android:exported="true"
150-->[com.google.firebase:firebase-messaging:23.4.1] AndroidManifest.xml:31:13-36
151            android:permission="com.google.android.c2dm.permission.SEND" >
151-->[com.google.firebase:firebase-messaging:23.4.1] AndroidManifest.xml:32:13-73
152            <intent-filter>
152-->[:firebase_messaging] AndroidManifest.xml:32:13-34:29
153                <action android:name="com.google.android.c2dm.intent.RECEIVE" />
153-->[:firebase_messaging] AndroidManifest.xml:33:17-81
153-->[:firebase_messaging] AndroidManifest.xml:33:25-78
154            </intent-filter>
155
156            <meta-data
156-->[com.google.firebase:firebase-messaging:23.4.1] AndroidManifest.xml:37:13-39:40
157                android:name="com.google.android.gms.cloudmessaging.FINISHED_AFTER_HANDLED"
157-->[com.google.firebase:firebase-messaging:23.4.1] AndroidManifest.xml:38:17-92
158                android:value="true" />
158-->[com.google.firebase:firebase-messaging:23.4.1] AndroidManifest.xml:39:17-37
159        </receiver>
160        <!--
161             FirebaseMessagingService performs security checks at runtime,
162             but set to not exported to explicitly avoid allowing another app to call it.
163        -->
164        <service
164-->[com.google.firebase:firebase-messaging:23.4.1] AndroidManifest.xml:46:9-53:19
165            android:name="com.google.firebase.messaging.FirebaseMessagingService"
165-->[com.google.firebase:firebase-messaging:23.4.1] AndroidManifest.xml:47:13-82
166            android:directBootAware="true"
166-->[com.google.firebase:firebase-messaging:23.4.1] AndroidManifest.xml:48:13-43
167            android:exported="false" >
167-->[com.google.firebase:firebase-messaging:23.4.1] AndroidManifest.xml:49:13-37
168            <intent-filter android:priority="-500" >
168-->[:firebase_messaging] AndroidManifest.xml:23:13-25:29
169                <action android:name="com.google.firebase.MESSAGING_EVENT" />
169-->[:firebase_messaging] AndroidManifest.xml:24:17-78
169-->[:firebase_messaging] AndroidManifest.xml:24:25-75
170            </intent-filter>
171        </service>
172
173        <provider
173-->[com.google.firebase:firebase-common:20.4.3] AndroidManifest.xml:23:9-28:39
174            android:name="com.google.firebase.provider.FirebaseInitProvider"
174-->[com.google.firebase:firebase-common:20.4.3] AndroidManifest.xml:24:13-77
175            android:authorities="com.boroboro01.pocekt_teacher.firebaseinitprovider"
175-->[com.google.firebase:firebase-common:20.4.3] AndroidManifest.xml:25:13-72
176            android:directBootAware="true"
176-->[com.google.firebase:firebase-common:20.4.3] AndroidManifest.xml:26:13-43
177            android:exported="false"
177-->[com.google.firebase:firebase-common:20.4.3] AndroidManifest.xml:27:13-37
178            android:initOrder="100" />
178-->[com.google.firebase:firebase-common:20.4.3] AndroidManifest.xml:28:13-36
179
180        <activity
180-->[com.google.android.gms:play-services-base:18.0.1] AndroidManifest.xml:20:9-22:45
181            android:name="com.google.android.gms.common.api.GoogleApiActivity"
181-->[com.google.android.gms:play-services-base:18.0.1] AndroidManifest.xml:20:19-85
182            android:exported="false"
182-->[com.google.android.gms:play-services-base:18.0.1] AndroidManifest.xml:22:19-43
183            android:theme="@android:style/Theme.Translucent.NoTitleBar" />
183-->[com.google.android.gms:play-services-base:18.0.1] AndroidManifest.xml:21:19-78
184
185        <meta-data
185-->[com.google.android.gms:play-services-basement:18.3.0] AndroidManifest.xml:21:9-23:69
186            android:name="com.google.android.gms.version"
186-->[com.google.android.gms:play-services-basement:18.3.0] AndroidManifest.xml:22:13-58
187            android:value="@integer/google_play_services_version" />
187-->[com.google.android.gms:play-services-basement:18.3.0] AndroidManifest.xml:23:13-66
188
189        <uses-library
189-->[androidx.window:window:1.0.0-beta04] AndroidManifest.xml:25:9-27:40
190            android:name="androidx.window.extensions"
190-->[androidx.window:window:1.0.0-beta04] AndroidManifest.xml:26:13-54
191            android:required="false" />
191-->[androidx.window:window:1.0.0-beta04] AndroidManifest.xml:27:13-37
192        <uses-library
192-->[androidx.window:window:1.0.0-beta04] AndroidManifest.xml:28:9-30:40
193            android:name="androidx.window.sidecar"
193-->[androidx.window:window:1.0.0-beta04] AndroidManifest.xml:29:13-51
194            android:required="false" />
194-->[androidx.window:window:1.0.0-beta04] AndroidManifest.xml:30:13-37
195
196        <provider
196-->[androidx.profileinstaller:profileinstaller:1.3.0] AndroidManifest.xml:24:9-32:20
197            android:name="androidx.startup.InitializationProvider"
197-->[androidx.profileinstaller:profileinstaller:1.3.0] AndroidManifest.xml:25:13-67
198            android:authorities="com.boroboro01.pocekt_teacher.androidx-startup"
198-->[androidx.profileinstaller:profileinstaller:1.3.0] AndroidManifest.xml:26:13-68
199            android:exported="false" >
199-->[androidx.profileinstaller:profileinstaller:1.3.0] AndroidManifest.xml:27:13-37
200            <meta-data
200-->[androidx.profileinstaller:profileinstaller:1.3.0] AndroidManifest.xml:29:13-31:52
201                android:name="androidx.profileinstaller.ProfileInstallerInitializer"
201-->[androidx.profileinstaller:profileinstaller:1.3.0] AndroidManifest.xml:30:17-85
202                android:value="androidx.startup" />
202-->[androidx.profileinstaller:profileinstaller:1.3.0] AndroidManifest.xml:31:17-49
203        </provider>
204
205        <receiver
205-->[androidx.profileinstaller:profileinstaller:1.3.0] AndroidManifest.xml:34:9-52:20
206            android:name="androidx.profileinstaller.ProfileInstallReceiver"
206-->[androidx.profileinstaller:profileinstaller:1.3.0] AndroidManifest.xml:35:13-76
207            android:directBootAware="false"
207-->[androidx.profileinstaller:profileinstaller:1.3.0] AndroidManifest.xml:36:13-44
208            android:enabled="true"
208-->[androidx.profileinstaller:profileinstaller:1.3.0] AndroidManifest.xml:37:13-35
209            android:exported="true"
209-->[androidx.profileinstaller:profileinstaller:1.3.0] AndroidManifest.xml:38:13-36
210            android:permission="android.permission.DUMP" >
210-->[androidx.profileinstaller:profileinstaller:1.3.0] AndroidManifest.xml:39:13-57
211            <intent-filter>
211-->[androidx.profileinstaller:profileinstaller:1.3.0] AndroidManifest.xml:40:13-42:29
212                <action android:name="androidx.profileinstaller.action.INSTALL_PROFILE" />
212-->[androidx.profileinstaller:profileinstaller:1.3.0] AndroidManifest.xml:41:17-91
212-->[androidx.profileinstaller:profileinstaller:1.3.0] AndroidManifest.xml:41:25-88
213            </intent-filter>
214            <intent-filter>
214-->[androidx.profileinstaller:profileinstaller:1.3.0] AndroidManifest.xml:43:13-45:29
215                <action android:name="androidx.profileinstaller.action.SKIP_FILE" />
215-->[androidx.profileinstaller:profileinstaller:1.3.0] AndroidManifest.xml:44:17-85
215-->[androidx.profileinstaller:profileinstaller:1.3.0] AndroidManifest.xml:44:25-82
216            </intent-filter>
217            <intent-filter>
217-->[androidx.profileinstaller:profileinstaller:1.3.0] AndroidManifest.xml:46:13-48:29
218                <action android:name="androidx.profileinstaller.action.SAVE_PROFILE" />
218-->[androidx.profileinstaller:profileinstaller:1.3.0] AndroidManifest.xml:47:17-88
218-->[androidx.profileinstaller:profileinstaller:1.3.0] AndroidManifest.xml:47:25-85
219            </intent-filter>
220            <intent-filter>
220-->[androidx.profileinstaller:profileinstaller:1.3.0] AndroidManifest.xml:49:13-51:29
221                <action android:name="androidx.profileinstaller.action.BENCHMARK_OPERATION" />
221-->[androidx.profileinstaller:profileinstaller:1.3.0] AndroidManifest.xml:50:17-95
221-->[androidx.profileinstaller:profileinstaller:1.3.0] AndroidManifest.xml:50:25-92
222            </intent-filter>
223        </receiver>
224
225        <service
225-->[com.google.android.datatransport:transport-backend-cct:3.1.8] AndroidManifest.xml:28:9-34:19
226            android:name="com.google.android.datatransport.runtime.backends.TransportBackendDiscovery"
226-->[com.google.android.datatransport:transport-backend-cct:3.1.8] AndroidManifest.xml:29:13-103
227            android:exported="false" >
227-->[com.google.android.datatransport:transport-backend-cct:3.1.8] AndroidManifest.xml:30:13-37
228            <meta-data
228-->[com.google.android.datatransport:transport-backend-cct:3.1.8] AndroidManifest.xml:31:13-33:39
229                android:name="backend:com.google.android.datatransport.cct.CctBackendFactory"
229-->[com.google.android.datatransport:transport-backend-cct:3.1.8] AndroidManifest.xml:32:17-94
230                android:value="cct" />
230-->[com.google.android.datatransport:transport-backend-cct:3.1.8] AndroidManifest.xml:33:17-36
231        </service>
232        <service
232-->[com.google.android.datatransport:transport-runtime:3.1.8] AndroidManifest.xml:26:9-30:19
233            android:name="com.google.android.datatransport.runtime.scheduling.jobscheduling.JobInfoSchedulerService"
233-->[com.google.android.datatransport:transport-runtime:3.1.8] AndroidManifest.xml:27:13-117
234            android:exported="false"
234-->[com.google.android.datatransport:transport-runtime:3.1.8] AndroidManifest.xml:28:13-37
235            android:permission="android.permission.BIND_JOB_SERVICE" >
235-->[com.google.android.datatransport:transport-runtime:3.1.8] AndroidManifest.xml:29:13-69
236        </service>
237
238        <receiver
238-->[com.google.android.datatransport:transport-runtime:3.1.8] AndroidManifest.xml:32:9-34:40
239            android:name="com.google.android.datatransport.runtime.scheduling.jobscheduling.AlarmManagerSchedulerBroadcastReceiver"
239-->[com.google.android.datatransport:transport-runtime:3.1.8] AndroidManifest.xml:33:13-132
240            android:exported="false" />
240-->[com.google.android.datatransport:transport-runtime:3.1.8] AndroidManifest.xml:34:13-37
241    </application>
242
243</manifest>